<?xml version="1.0" encoding="UTF-8"?>
<!-- Generated by org.testng.reporters.JUnitReportReporter -->
<testsuite hostname="naimchowdhury-pc" failures="0" tests="2" name="peoplentech.mrsaleemtraining.amazoncreateaccount" time="60.898" errors="0" timestamp="2021-12-21T19:30:16 EST" skipped="0">
  <testcase classname="peoplentech.mrsaleemtraining.amazoncreateaccount" name="f" time="30.871"/>
  <system-out/>
  <testcase classname="peoplentech.mrsaleemtraining.amazoncreateaccount" name="f" time="30.027"/>
  <system-out/>
</testsuite> <!-- peoplentech.mrsaleemtraining.amazoncreateaccount -->
