<?xml version="1.0" encoding="UTF-8"?>
<!-- Generated by org.testng.reporters.JUnitReportReporter -->
<testsuite hostname="naimchowdhury-pc" failures="0" tests="2" name="peoplentech.mrsaleemtraining.NewTestannotation" time="0.004" errors="0" timestamp="2021-12-08T19:35:03 EST" skipped="0">
  <testcase classname="peoplentech.mrsaleemtraining.NewTestannotation" name="f6" time="0.000"/>
  <system-out/>
  <testcase classname="peoplentech.mrsaleemtraining.NewTestannotation" name="f" time="0.004"/>
  <system-out/>
</testsuite> <!-- peoplentech.mrsaleemtraining.NewTestannotation -->
