<?xml version="1.0" encoding="UTF-8"?>
<!-- Generated by org.testng.reporters.JUnitReportReporter -->
<testsuite hostname="naimchowdhury-pc" failures="0" tests="4" name="peoplentech.mrsaleemtraining.findelements" time="32.091" errors="0" timestamp="2021-12-22T20:13:16 EST" skipped="0">
  <testcase classname="peoplentech.mrsaleemtraining.findelements" name="propertiesofmethod" time="10.021"/>
  <system-out/>
  <testcase classname="peoplentech.mrsaleemtraining.findelements" name="f" time="6.250"/>
  <system-out/>
  <testcase classname="peoplentech.mrsaleemtraining.findelements" name="propertiesofmethod" time="8.441"/>
  <system-out/>
  <testcase classname="peoplentech.mrsaleemtraining.findelements" name="f" time="7.379"/>
  <system-out/>
</testsuite> <!-- peoplentech.mrsaleemtraining.findelements -->
