<?xml version="1.0" encoding="UTF-8"?>
<!-- Generated by org.testng.reporters.JUnitReportReporter -->
<testsuite hostname="naimchowdhury-pc" failures="0" tests="1" name="myfb.createaccount" time="35.540" errors="0" timestamp="2021-12-29T18:14:37 EST" skipped="0">
  <testcase classname="myfb.createaccount" name="f" time="35.540"/>
  <system-out/>
</testsuite> <!-- myfb.createaccount -->
