<?xml version="1.0" encoding="UTF-8"?>
<!-- Generated by org.testng.reporters.JUnitReportReporter -->
<testsuite hostname="naimchowdhury-pc" failures="0" tests="2" name="peoplentech.mrsaleemtraining.signinamazon" time="25.077" errors="0" timestamp="2022-01-19T18:45:00 EST" skipped="0">
  <testcase classname="peoplentech.mrsaleemtraining.signinamazon" name="verificationoftext" time="11.281"/>
  <system-out/>
  <testcase classname="peoplentech.mrsaleemtraining.signinamazon" name="f" time="13.796"/>
  <system-out/>
</testsuite> <!-- peoplentech.mrsaleemtraining.signinamazon -->
