<?xml version="1.0" encoding="UTF-8"?>
<!-- Generated by org.testng.reporters.JUnitReportReporter -->
<testsuite hostname="naimchowdhury-pc" failures="0" tests="6" name="peoplentech.mrsaleemtraining.dataprovider" time="56.481" errors="0" timestamp="2021-12-29T17:55:16 EST" skipped="0">
  <testcase classname="peoplentech.mrsaleemtraining.dataprovider" name="f" time="8.523"/>
  <system-out/>
  <testcase classname="peoplentech.mrsaleemtraining.dataprovider" name="f" time="8.629"/>
  <system-out/>
  <testcase classname="peoplentech.mrsaleemtraining.dataprovider" name="f" time="8.562"/>
  <system-out/>
  <testcase classname="peoplentech.mrsaleemtraining.dataprovider" name="f" time="10.122"/>
  <system-out/>
  <testcase classname="peoplentech.mrsaleemtraining.dataprovider" name="f" time="10.467"/>
  <system-out/>
  <testcase classname="peoplentech.mrsaleemtraining.dataprovider" name="f" time="10.178"/>
  <system-out/>
</testsuite> <!-- peoplentech.mrsaleemtraining.dataprovider -->
