<?xml version="1.0" encoding="UTF-8"?>
<!-- Generated by org.testng.reporters.JUnitReportReporter -->
<testsuite hostname="naimchowdhury-pc" failures="0" tests="1" name="peoplentech.mrsaleemtraining.testhome" time="9.788" errors="0" timestamp="2022-01-19T20:08:34 EST" skipped="0">
  <testcase classname="peoplentech.mrsaleemtraining.testhome" name="f" time="9.788"/>
  <system-out/>
</testsuite> <!-- peoplentech.mrsaleemtraining.testhome -->
